Jul 07, 2018 1:08:53 PM de.hdm_stuttgart.toDoList.Factory logToExternalFile
INFO: CreateTask: TaskWithDeadlineAndNotiz created
Jul 07, 2018 1:08:53 PM de.hdm_stuttgart.toDoList.Factory logToExternalFile
INFO: CreateTask: TaskWithDeadlineAndNotiz created
Jul 07, 2018 1:09:07 PM de.hdm_stuttgart.toDoList.Factory logToExternalFile
INFO: CreateTask: TaskWithDeadlineAndNotiz created
Jul 07, 2018 1:09:07 PM de.hdm_stuttgart.toDoList.Factory logToExternalFile
INFO: CreateTask: TaskWithDeadlineAndNotiz created
Jul 07, 2018 1:09:13 PM de.hdm_stuttgart.toDoList.Factory logToExternalFile
INFO: CreateTask: TaskWithDeadlineAndNotiz created
Jul 07, 2018 1:09:13 PM de.hdm_stuttgart.toDoList.Factory logToExternalFile
INFO: CreateTask: TaskWithDeadlineAndNotiz created
Jul 07, 2018 10:51:37 AM de.hdm_stuttgart.toDoList.Factory logToExternalFile
INFORMATION: CreateTask: Simple task created
Jul 07, 2018 10:51:51 AM de.hdm_stuttgart.toDoList.Factory logToExternalFile
INFORMATION: CreateTask: Simple task created
Jul 07, 2018 10:52:05 AM de.hdm_stuttgart.toDoList.Factory logToExternalFile
INFORMATION: CreateTask: Simple task created
Jul 07, 2018 10:52:09 AM de.hdm_stuttgart.toDoList.Factory logToExternalFile
INFORMATION: CreateTask: Simple task created
Jul 07, 2018 5:59:45 PM de.hdm_stuttgart.toDoList.Factory logToExternalFile
INFORMATION: CreateTask: Simple task created
Jul 07, 2018 5:59:45 PM de.hdm_stuttgart.toDoList.Factory logToExternalFile
INFORMATION: CreateTask: TaskWithNotiz created
Jul 07, 2018 5:59:45 PM de.hdm_stuttgart.toDoList.Factory logToExternalFile
INFORMATION: CreateTask: Simple task created
Jul 07, 2018 5:59:45 PM de.hdm_stuttgart.toDoList.Factory logToExternalFile
INFORMATION: CreateTask: Simple task created
Jul 07, 2018 5:59:45 PM de.hdm_stuttgart.toDoList.Factory logToExternalFile
INFORMATION: CreateTask: TaskWithNotiz created
Jul 07, 2018 5:59:45 PM de.hdm_stuttgart.toDoList.Factory logToExternalFile
INFORMATION: CreateTask: Simple task created
