Jul 07, 2018 1:08:53 PM de.hdm_stuttgart.toDoList.Main logToExternalFile
INFO: GetUserData: Successfully fetched User Data
Jul 07, 2018 1:08:53 PM de.hdm_stuttgart.toDoList.Main logToExternalFile
INFO: GetUserData: Successfully fetched User Data
Jul 07, 2018 1:09:07 PM de.hdm_stuttgart.toDoList.Main logToExternalFile
INFO: AddTask: Successful
Jul 07, 2018 1:09:07 PM de.hdm_stuttgart.toDoList.Main logToExternalFile
INFO: GetUserData: Successfully fetched User Data
Jul 07, 2018 1:09:13 PM de.hdm_stuttgart.toDoList.Main logToExternalFile
INFO: AddToDoListhjhjkhkjhkhhkjhkh Added!
Jul 07, 2018 1:09:13 PM de.hdm_stuttgart.toDoList.Main logToExternalFile
INFO: GetUserData: Successfully fetched User Data
Jul 07, 2018 1:09:13 PM de.hdm_stuttgart.toDoList.Main logToExternalFile
INFO: Todo list Added
Jul 07, 2018 10:50:41 AM de.hdm_stuttgart.toDoList.Main logToExternalFile
INFORMATION: Initializing GUI
Jul 07, 2018 10:50:51 AM de.hdm_stuttgart.toDoList.Main logToExternalFile
INFORMATION: CheckUser: Invalid Login
Jul 07, 2018 10:50:51 AM de.hdm_stuttgart.toDoList.Main logToExternalFile
INFORMATION: AddUser: SUCCESSFUL
Jul 07, 2018 10:50:53 AM de.hdm_stuttgart.toDoList.Main logToExternalFile
INFORMATION: GetUserData: File Created.
Jul 07, 2018 10:50:53 AM de.hdm_stuttgart.toDoList.Main logToExternalFile
INFORMATION: GetUserData: Successfully fetched User Data
Jul 07, 2018 10:51:08 AM de.hdm_stuttgart.toDoList.Main logToExternalFile
INFORMATION: AddToDoList shopping Added!
Jul 07, 2018 10:51:08 AM de.hdm_stuttgart.toDoList.Main logToExternalFile
INFORMATION: GetUserData: Successfully fetched User Data
Jul 07, 2018 10:51:08 AM de.hdm_stuttgart.toDoList.Main logToExternalFile
INFORMATION: Todo list Added
Jul 07, 2018 10:51:37 AM de.hdm_stuttgart.toDoList.Main logToExternalFile
INFORMATION: AddTask: Successful
Jul 07, 2018 10:51:37 AM de.hdm_stuttgart.toDoList.Main logToExternalFile
INFORMATION: GetUserData: Successfully fetched User Data
Jul 07, 2018 10:51:51 AM de.hdm_stuttgart.toDoList.Main logToExternalFile
INFORMATION: AddToDoList homework Added!
Jul 07, 2018 10:51:51 AM de.hdm_stuttgart.toDoList.Main logToExternalFile
INFORMATION: GetUserData: Successfully fetched User Data
Jul 07, 2018 10:51:51 AM de.hdm_stuttgart.toDoList.Main logToExternalFile
INFORMATION: Todo list Added
Jul 07, 2018 10:52:05 AM de.hdm_stuttgart.toDoList.Main logToExternalFile
INFORMATION: DeleteTask: Successful
Jul 07, 2018 10:52:05 AM de.hdm_stuttgart.toDoList.Main logToExternalFile
INFORMATION: GetUserData: Successfully fetched User Data
Jul 07, 2018 10:52:09 AM de.hdm_stuttgart.toDoList.Main logToExternalFile
INFORMATION: DeleteTask: Successful
Jul 07, 2018 10:52:09 AM de.hdm_stuttgart.toDoList.Main logToExternalFile
INFORMATION: GetUserData: Successfully fetched User Data
Jul 07, 2018 11:02:34 AM de.hdm_stuttgart.toDoList.Main logToExternalFile
INFORMATION: Initializing GUI
Jul 07, 2018 5:53:23 PM de.hdm_stuttgart.toDoList.Main logToExternalFile
INFORMATION: AddUser: SUCCESSFUL
Jul 07, 2018 5:53:23 PM de.hdm_stuttgart.toDoList.Main logToExternalFile
INFORMATION: AddUser: SUCCESSFUL
Jul 07, 2018 5:53:23 PM de.hdm_stuttgart.toDoList.Main logToExternalFile
INFORMATION: AddUser: SUCCESSFUL
Jul 07, 2018 5:53:23 PM de.hdm_stuttgart.toDoList.Main logToExternalFile
INFORMATION: AddUser: SUCCESSFUL
Jul 07, 2018 5:53:23 PM de.hdm_stuttgart.toDoList.Main logToExternalFile
INFORMATION: CheckUser: SUCCESSFUL
Jul 07, 2018 5:53:23 PM de.hdm_stuttgart.toDoList.Main logToExternalFile
INFORMATION: AddUser: SUCCESSFUL
Jul 07, 2018 5:53:23 PM de.hdm_stuttgart.toDoList.Main logToExternalFile
INFORMATION: CheckUser: Invalid Login
Jul 07, 2018 5:53:23 PM de.hdm_stuttgart.toDoList.Main logToExternalFile
INFORMATION: AddUser: SUCCESSFUL
Jul 07, 2018 5:53:23 PM de.hdm_stuttgart.toDoList.Main logToExternalFile
INFORMATION: CheckUser: SUCCESSFUL
Jul 07, 2018 5:59:18 PM de.hdm_stuttgart.toDoList.Main logToExternalFile
INFORMATION: AddToDoList Liste Added!
Jul 07, 2018 5:59:18 PM de.hdm_stuttgart.toDoList.Main logToExternalFile
INFORMATION: AddTask: Successful
Jul 07, 2018 5:59:18 PM de.hdm_stuttgart.toDoList.Main logToExternalFile
INFORMATION: RemoveToDoList: Successfully Removed
Jul 07, 2018 5:59:18 PM de.hdm_stuttgart.toDoList.Main logToExternalFile
INFORMATION: RemoveToDoList: Successfully Removed
Jul 07, 2018 5:59:18 PM de.hdm_stuttgart.toDoList.Main logToExternalFile
INFORMATION: AddToDoList Liste Added!
Jul 07, 2018 5:59:18 PM de.hdm_stuttgart.toDoList.Main logToExternalFile
INFORMATION: AddTask: Successful
Jul 07, 2018 5:59:18 PM de.hdm_stuttgart.toDoList.Main logToExternalFile
INFORMATION: AddTask: Successful
Jul 07, 2018 5:59:18 PM de.hdm_stuttgart.toDoList.Main logToExternalFile
INFORMATION: RemoveToDoList: Successfully Removed
Jul 07, 2018 5:59:18 PM de.hdm_stuttgart.toDoList.Main logToExternalFile
INFORMATION: RemoveToDoList: Successfully Removed
Jul 07, 2018 5:59:18 PM de.hdm_stuttgart.toDoList.Main logToExternalFile
INFORMATION: AddToDoList Liste Added!
Jul 07, 2018 5:59:18 PM de.hdm_stuttgart.toDoList.Main logToExternalFile
INFORMATION: AddTask: Successful
Jul 07, 2018 5:59:18 PM de.hdm_stuttgart.toDoList.Main logToExternalFile
INFORMATION: RemoveToDoList: Successfully Removed
Jul 07, 2018 5:59:18 PM de.hdm_stuttgart.toDoList.Main logToExternalFile
INFORMATION: RemoveToDoList: Successfully Removed
Jul 07, 2018 5:59:18 PM de.hdm_stuttgart.toDoList.Main logToExternalFile
INFORMATION: AddToDoList Liste Added!
Jul 07, 2018 5:59:18 PM de.hdm_stuttgart.toDoList.Main logToExternalFile
INFORMATION: AddTask: Successful
Jul 07, 2018 5:59:18 PM de.hdm_stuttgart.toDoList.Main logToExternalFile
INFORMATION: RemoveToDoList: Successfully Removed
Jul 07, 2018 5:59:18 PM de.hdm_stuttgart.toDoList.Main logToExternalFile
INFORMATION: RemoveToDoList: Successfully Removed
Jul 07, 2018 5:59:18 PM de.hdm_stuttgart.toDoList.Main logToExternalFile
INFORMATION: RemoveToDoList: Successfully Removed
Jul 07, 2018 5:59:18 PM de.hdm_stuttgart.toDoList.Main logToExternalFile
INFORMATION: AddToDoList Liste Added!
Jul 07, 2018 5:59:18 PM de.hdm_stuttgart.toDoList.Main logToExternalFile
INFORMATION: AddTask: Successful
Jul 07, 2018 5:59:18 PM de.hdm_stuttgart.toDoList.Main logToExternalFile
INFORMATION: AddToDoList Liste Added!
Jul 07, 2018 5:59:18 PM de.hdm_stuttgart.toDoList.Main logToExternalFile
INFORMATION: RemoveToDoList: Successfully Removed
Jul 07, 2018 5:59:18 PM de.hdm_stuttgart.toDoList.Main logToExternalFile
INFORMATION: RemoveToDoList: Successfully Removed
Jul 07, 2018 5:59:18 PM de.hdm_stuttgart.toDoList.Main logToExternalFile
INFORMATION: AddToDoList Liste Added!
Jul 07, 2018 5:59:18 PM de.hdm_stuttgart.toDoList.Main logToExternalFile
INFORMATION: AddTask: Successful
Jul 07, 2018 5:59:18 PM de.hdm_stuttgart.toDoList.Main logToExternalFile
INFORMATION: DeleteTask: Successful
Jul 07, 2018 5:59:18 PM de.hdm_stuttgart.toDoList.Main logToExternalFile
INFORMATION: RemoveToDoList: Successfully Removed
Jul 07, 2018 5:59:18 PM de.hdm_stuttgart.toDoList.Main logToExternalFile
INFORMATION: RemoveToDoList: Successfully Removed
Jul 07, 2018 5:59:43 PM de.hdm_stuttgart.toDoList.Main logToExternalFile
INFORMATION: Initializing GUI
Jul 07, 2018 5:59:45 PM de.hdm_stuttgart.toDoList.Main logToExternalFile
INFORMATION: GetUserData: Successfully fetched User Data
Jul 07, 2018 5:59:45 PM de.hdm_stuttgart.toDoList.Main logToExternalFile
INFORMATION: GetUserData: Successfully fetched User Data
Jan 21, 2023 9:27:01 PM de.hdm_stuttgart.toDoList.Main logToExternalFile
INFORMATION: Initializing GUI
Jan 21, 2023 9:28:40 PM de.hdm_stuttgart.toDoList.Main logToExternalFile
INFORMATION: Initializing GUI
Feb 13, 2023 2:52:51 PM de.hdm_stuttgart.toDoList.Main logToExternalFile
INFORMATION: Initializing GUI
